{"/Users/joecritchley/Sites/watchlist/src/components/__tests__/SearchBox.test.js":{"path":"/Users/joecritchley/Sites/watchlist/src/components/__tests__/SearchBox.test.js","s":{"1":1,"2":6,"3":1,"4":1,"5":1,"6":1,"7":1,"8":1,"9":1,"10":1,"11":1,"12":1,"13":10,"14":10,"15":10,"16":1,"17":7,"18":7,"19":0,"20":1,"21":1,"22":1,"23":1,"24":1,"25":1,"26":1,"27":1,"28":1,"29":1,"30":1,"31":1,"32":1,"33":1,"34":1,"35":1,"36":1,"37":1,"38":1,"39":1,"40":1,"41":1,"42":1,"43":1,"44":7,"45":7},"b":{"1":[0,6],"2":[6,6]},"f":{"1":6,"2":1,"3":10,"4":7,"5":0,"6":1,"7":1,"8":1,"9":1,"10":1,"11":1,"12":1,"13":7},"fnMap":{"1":{"name":"(anonymous_1)","line":3,"loc":{"start":{"line":3,"column":22},"end":{"line":3,"column":37}}},"2":{"name":"(anonymous_2)","line":19,"loc":{"start":{"line":19,"column":22},"end":{"line":19,"column":34}}},"3":{"name":"render","line":25,"loc":{"start":{"line":25,"column":1},"end":{"line":25,"column":21}}},"4":{"name":"(anonymous_4)","line":31,"loc":{"start":{"line":31,"column":12},"end":{"line":31,"column":24}}},"5":{"name":"(anonymous_5)","line":33,"loc":{"start":{"line":33,"column":25},"end":{"line":33,"column":37}}},"6":{"name":"(anonymous_6)","line":38,"loc":{"start":{"line":38,"column":28},"end":{"line":38,"column":40}}},"7":{"name":"(anonymous_7)","line":43,"loc":{"start":{"line":43,"column":25},"end":{"line":43,"column":37}}},"8":{"name":"(anonymous_8)","line":49,"loc":{"start":{"line":49,"column":38},"end":{"line":49,"column":50}}},"9":{"name":"(anonymous_9)","line":55,"loc":{"start":{"line":55,"column":47},"end":{"line":55,"column":59}}},"10":{"name":"(anonymous_10)","line":59,"loc":{"start":{"line":59,"column":37},"end":{"line":59,"column":49}}},"11":{"name":"(anonymous_11)","line":65,"loc":{"start":{"line":65,"column":46},"end":{"line":65,"column":58}}},"12":{"name":"(anonymous_12)","line":69,"loc":{"start":{"line":69,"column":51},"end":{"line":69,"column":63}}},"13":{"name":"(anonymous_13)","line":75,"loc":{"start":{"line":75,"column":11},"end":{"line":75,"column":23}}}},"statementMap":{"1":{"start":{"line":3,"column":0},"end":{"line":3,"column":94}},"2":{"start":{"line":3,"column":39},"end":{"line":3,"column":91}},"3":{"start":{"line":5,"column":0},"end":{"line":5,"column":48}},"4":{"start":{"line":7,"column":0},"end":{"line":7,"column":68}},"5":{"start":{"line":9,"column":0},"end":{"line":9,"column":55}},"6":{"start":{"line":11,"column":0},"end":{"line":11,"column":46}},"7":{"start":{"line":13,"column":0},"end":{"line":13,"column":57}},"8":{"start":{"line":15,"column":0},"end":{"line":15,"column":47}},"9":{"start":{"line":17,"column":0},"end":{"line":17,"column":25}},"10":{"start":{"line":19,"column":0},"end":{"line":79,"column":3}},"11":{"start":{"line":20,"column":1},"end":{"line":23,"column":21}},"12":{"start":{"line":25,"column":1},"end":{"line":29,"column":2}},"13":{"start":{"line":26,"column":2},"end":{"line":26,"column":30}},"14":{"start":{"line":27,"column":2},"end":{"line":27,"column":39}},"15":{"start":{"line":28,"column":2},"end":{"line":28,"column":32}},"16":{"start":{"line":31,"column":1},"end":{"line":36,"column":4}},"17":{"start":{"line":32,"column":2},"end":{"line":32,"column":47}},"18":{"start":{"line":33,"column":2},"end":{"line":35,"column":5}},"19":{"start":{"line":34,"column":3},"end":{"line":34,"column":15}},"20":{"start":{"line":38,"column":1},"end":{"line":41,"column":4}},"21":{"start":{"line":39,"column":2},"end":{"line":39,"column":37}},"22":{"start":{"line":40,"column":2},"end":{"line":40,"column":42}},"23":{"start":{"line":43,"column":1},"end":{"line":47,"column":4}},"24":{"start":{"line":44,"column":2},"end":{"line":44,"column":31}},"25":{"start":{"line":45,"column":2},"end":{"line":45,"column":62}},"26":{"start":{"line":46,"column":2},"end":{"line":46,"column":45}},"27":{"start":{"line":49,"column":1},"end":{"line":53,"column":4}},"28":{"start":{"line":50,"column":2},"end":{"line":50,"column":60}},"29":{"start":{"line":51,"column":2},"end":{"line":51,"column":58}},"30":{"start":{"line":52,"column":2},"end":{"line":52,"column":48}},"31":{"start":{"line":55,"column":1},"end":{"line":57,"column":4}},"32":{"start":{"line":56,"column":2},"end":{"line":56,"column":50}},"33":{"start":{"line":59,"column":1},"end":{"line":63,"column":4}},"34":{"start":{"line":60,"column":2},"end":{"line":60,"column":79}},"35":{"start":{"line":61,"column":2},"end":{"line":61,"column":49}},"36":{"start":{"line":62,"column":2},"end":{"line":62,"column":33}},"37":{"start":{"line":65,"column":1},"end":{"line":67,"column":4}},"38":{"start":{"line":66,"column":2},"end":{"line":66,"column":49}},"39":{"start":{"line":69,"column":1},"end":{"line":73,"column":4}},"40":{"start":{"line":70,"column":2},"end":{"line":70,"column":52}},"41":{"start":{"line":71,"column":2},"end":{"line":71,"column":70}},"42":{"start":{"line":72,"column":2},"end":{"line":72,"column":54}},"43":{"start":{"line":75,"column":1},"end":{"line":78,"column":4}},"44":{"start":{"line":76,"column":2},"end":{"line":76,"column":16}},"45":{"start":{"line":77,"column":2},"end":{"line":77,"column":24}}},"branchMap":{"1":{"line":3,"type":"cond-expr","locations":[{"start":{"line":3,"column":70},"end":{"line":3,"column":84}},{"start":{"line":3,"column":87},"end":{"line":3,"column":90}}]},"2":{"line":3,"type":"binary-expr","locations":[{"start":{"line":3,"column":46},"end":{"line":3,"column":49}},{"start":{"line":3,"column":53},"end":{"line":3,"column":67}}]}}},"/Users/joecritchley/Sites/watchlist/src/components/SearchBox.js":{"path":"/Users/joecritchley/Sites/watchlist/src/components/SearchBox.js","s":{"1":1,"2":2,"3":1,"4":1,"5":1,"6":1,"7":1,"8":1,"9":11,"10":11,"11":2,"12":1,"13":1,"14":1},"b":{"1":[0,2],"2":[2,2],"3":[10,1],"4":[1,1]},"f":{"1":2,"2":1,"3":1,"4":1,"5":11,"6":2},"fnMap":{"1":{"name":"(anonymous_1)","line":3,"loc":{"start":{"line":3,"column":22},"end":{"line":3,"column":37}}},"2":{"name":"getDefaultProps","line":21,"loc":{"start":{"line":21,"column":18},"end":{"line":21,"column":45}}},"3":{"name":"(anonymous_3)","line":25,"loc":{"start":{"line":25,"column":13},"end":{"line":25,"column":25}}},"4":{"name":"(anonymous_4)","line":28,"loc":{"start":{"line":28,"column":12},"end":{"line":28,"column":24}}},"5":{"name":"render","line":34,"loc":{"start":{"line":34,"column":9},"end":{"line":34,"column":27}}},"6":{"name":"handleChange","line":54,"loc":{"start":{"line":54,"column":15},"end":{"line":54,"column":44}}}},"statementMap":{"1":{"start":{"line":3,"column":0},"end":{"line":3,"column":94}},"2":{"start":{"line":3,"column":39},"end":{"line":3,"column":91}},"3":{"start":{"line":5,"column":0},"end":{"line":5,"column":46}},"4":{"start":{"line":7,"column":0},"end":{"line":7,"column":68}},"5":{"start":{"line":9,"column":0},"end":{"line":61,"column":3}},"6":{"start":{"line":22,"column":2},"end":{"line":31,"column":4}},"7":{"start":{"line":26,"column":4},"end":{"line":26,"column":16}},"8":{"start":{"line":29,"column":4},"end":{"line":29,"column":16}},"9":{"start":{"line":35,"column":2},"end":{"line":43,"column":4}},"10":{"start":{"line":45,"column":2},"end":{"line":51,"column":5}},"11":{"start":{"line":55,"column":2},"end":{"line":59,"column":3}},"12":{"start":{"line":56,"column":3},"end":{"line":56,"column":43}},"13":{"start":{"line":58,"column":3},"end":{"line":58,"column":24}},"14":{"start":{"line":63,"column":0},"end":{"line":63,"column":27}}},"branchMap":{"1":{"line":3,"type":"cond-expr","locations":[{"start":{"line":3,"column":70},"end":{"line":3,"column":84}},{"start":{"line":3,"column":87},"end":{"line":3,"column":90}}]},"2":{"line":3,"type":"binary-expr","locations":[{"start":{"line":3,"column":46},"end":{"line":3,"column":49}},{"start":{"line":3,"column":53},"end":{"line":3,"column":67}}]},"3":{"line":42,"type":"cond-expr","locations":[{"start":{"line":42,"column":44},"end":{"line":42,"column":50}},{"start":{"line":42,"column":53},"end":{"line":42,"column":61}}]},"4":{"line":55,"type":"if","locations":[{"start":{"line":55,"column":2},"end":{"line":55,"column":2}},{"start":{"line":55,"column":2},"end":{"line":55,"column":2}}]}}}}