TN:
SF:/Users/joecritchley/Sites/watchlist/src/components/__tests__/SearchBox.test.js
FN:3,(anonymous_1)
FN:19,(anonymous_2)
FN:25,render
FN:31,(anonymous_4)
FN:33,(anonymous_5)
FN:38,(anonymous_6)
FN:43,(anonymous_7)
FN:49,(anonymous_8)
FN:55,(anonymous_9)
FN:59,(anonymous_10)
FN:65,(anonymous_11)
FN:69,(anonymous_12)
FN:75,(anonymous_13)
FNF:13
FNH:12
FNDA:6,(anonymous_1)
FNDA:1,(anonymous_2)
FNDA:10,render
FNDA:7,(anonymous_4)
FNDA:0,(anonymous_5)
FNDA:1,(anonymous_6)
FNDA:1,(anonymous_7)
FNDA:1,(anonymous_8)
FNDA:1,(anonymous_9)
FNDA:1,(anonymous_10)
FNDA:1,(anonymous_11)
FNDA:1,(anonymous_12)
FNDA:7,(anonymous_13)
DA:3,6
DA:5,1
DA:7,1
DA:9,1
DA:11,1
DA:13,1
DA:15,1
DA:17,1
DA:19,1
DA:20,1
DA:25,1
DA:26,10
DA:27,10
DA:28,10
DA:31,1
DA:32,7
DA:33,7
DA:34,0
DA:38,1
DA:39,1
DA:40,1
DA:43,1
DA:44,1
DA:45,1
DA:46,1
DA:49,1
DA:50,1
DA:51,1
DA:52,1
DA:55,1
DA:56,1
DA:59,1
DA:60,1
DA:61,1
DA:62,1
DA:65,1
DA:66,1
DA:69,1
DA:70,1
DA:71,1
DA:72,1
DA:75,1
DA:76,7
DA:77,7
LF:44
LH:43
BRDA:3,1,0,0
BRDA:3,1,1,6
BRDA:3,2,0,6
BRDA:3,2,1,6
BRF:4
BRH:3
end_of_record
TN:
SF:/Users/joecritchley/Sites/watchlist/src/components/SearchBox.js
FN:3,(anonymous_1)
FN:21,getDefaultProps
FN:25,(anonymous_3)
FN:28,(anonymous_4)
FN:34,render
FN:54,handleChange
FNF:6
FNH:6
FNDA:2,(anonymous_1)
FNDA:1,getDefaultProps
FNDA:1,(anonymous_3)
FNDA:1,(anonymous_4)
FNDA:11,render
FNDA:2,handleChange
DA:3,2
DA:5,1
DA:7,1
DA:9,1
DA:22,1
DA:26,1
DA:29,1
DA:35,11
DA:45,11
DA:55,2
DA:56,1
DA:58,1
DA:63,1
LF:13
LH:13
BRDA:3,1,0,0
BRDA:3,1,1,2
BRDA:3,2,0,2
BRDA:3,2,1,2
BRDA:42,3,0,10
BRDA:42,3,1,1
BRDA:55,4,0,1
BRDA:55,4,1,1
BRF:8
BRH:7
end_of_record
